ksqlite/build/outputs/logs/manifest-merger-debug-report.txt
-- Merging decision tree log ---
manifest
ADDED from src/main/AndroidManifest.xml:2:1-4:3
INJECTED from src/main/AndroidManifest.xml:2:1-4:3
INJECTED from src/main/AndroidManifest.xml:2:1-4:3
	package
		ADDED from src/main/AndroidManifest.xml:3:9-39
		INJECTED from src/main/AndroidManifest.xml
		INJECTED from src/main/AndroidManifest.xml